[21:49:18] [main/INFO]: Setting user: Player937
[21:49:29] [Client thread/INFO]: LWJGL Version: 2.9.1
[21:49:32] [Client thread/ERROR]: Couldn't initialize twitch stream
[21:49:47] [Client thread/INFO]: Reloading ResourceManager: Default, FMLFileResourcePack:Forge Mod Loader, FMLFileResourcePack:Minecraft Forge, FMLFileResourcePack:Not Enough Items, FMLFileResourcePack:Kd's Funky Fancy New Block Mod
[21:49:50] [Sound Library Loader/INFO]: Sound engine started
[21:50:06] [Client thread/INFO]: Created: 512x256 textures/blocks-atlas
[21:50:06] [Client thread/ERROR]: Using missing texture, unable to load minecraft:textures/items/MISSING_ICON_ITEM_4096_null.png
java.io.FileNotFoundException: minecraft:textures/items/MISSING_ICON_ITEM_4096_null.png
	at net.minecraft.client.resources.FallbackResourceManager.getResource(FallbackResourceManager.java:65) ~[FallbackResourceManager.class:?]
	at net.minecraft.client.resources.SimpleReloadableResourceManager.getResource(SimpleReloadableResourceManager.java:67) ~[SimpleReloadableResourceManager.class:?]
	at net.minecraft.client.renderer.texture.TextureMap.loadTextureAtlas(TextureMap.java:126) [TextureMap.class:?]
	at net.minecraft.client.renderer.texture.TextureMap.loadTexture(TextureMap.java:91) [TextureMap.class:?]
	at net.minecraft.client.renderer.texture.TextureManager.loadTexture(TextureManager.java:89) [TextureManager.class:?]
	at net.minecraft.client.renderer.texture.TextureManager.loadTickableTexture(TextureManager.java:71) [TextureManager.class:?]
	at net.minecraft.client.renderer.texture.TextureManager.loadTextureMap(TextureManager.java:58) [TextureManager.class:?]
	at net.minecraft.client.Minecraft.startGame(Minecraft.java:583) [Minecraft.class:?]
	at net.minecraft.client.Minecraft.run(Minecraft.java:931) [Minecraft.class:?]
	at net.minecraft.client.main.Main.main(Main.java:164) [Main.class:?]
	at sun.reflect.NativeMethodAccessorImpl.invoke0(Native Method) ~[?:1.7.0_60]
	at sun.reflect.NativeMethodAccessorImpl.invoke(NativeMethodAccessorImpl.java:57) ~[?:1.7.0_60]
	at sun.reflect.DelegatingMethodAccessorImpl.invoke(DelegatingMethodAccessorImpl.java:43) ~[?:1.7.0_60]
	at java.lang.reflect.Method.invoke(Method.java:606) ~[?:1.7.0_60]
	at net.minecraft.launchwrapper.Launch.launch(Launch.java:135) [launchwrapper-1.11.jar:?]
	at net.minecraft.launchwrapper.Launch.main(Launch.java:28) [launchwrapper-1.11.jar:?]
	at net.minecraftforge.gradle.GradleStartCommon.launch(GradleStartCommon.java:78) [start/:?]
	at GradleStart.main(GradleStart.java:45) [start/:?]
	at sun.reflect.NativeMethodAccessorImpl.invoke0(Native Method) ~[?:1.7.0_60]
	at sun.reflect.NativeMethodAccessorImpl.invoke(NativeMethodAccessorImpl.java:57) ~[?:1.7.0_60]
	at sun.reflect.DelegatingMethodAccessorImpl.invoke(DelegatingMethodAccessorImpl.java:43) ~[?:1.7.0_60]
	at java.lang.reflect.Method.invoke(Method.java:606) ~[?:1.7.0_60]
	at com.intellij.rt.execution.application.AppMain.main(AppMain.java:134) [idea_rt.jar:?]
[21:50:06] [Client thread/INFO]: Created: 256x256 textures/items-atlas
[21:50:09] [Client thread/INFO]: Reloading ResourceManager: Default, FMLFileResourcePack:Forge Mod Loader, FMLFileResourcePack:Minecraft Forge, FMLFileResourcePack:Not Enough Items, FMLFileResourcePack:Kd's Funky Fancy New Block Mod
[21:50:09] [Client thread/ERROR]: Using missing texture, unable to load minecraft:textures/items/MISSING_ICON_ITEM_4096_null.png
java.io.FileNotFoundException: minecraft:textures/items/MISSING_ICON_ITEM_4096_null.png
	at net.minecraft.client.resources.FallbackResourceManager.getResource(FallbackResourceManager.java:65) ~[FallbackResourceManager.class:?]
	at net.minecraft.client.resources.SimpleReloadableResourceManager.getResource(SimpleReloadableResourceManager.java:67) ~[SimpleReloadableResourceManager.class:?]
	at net.minecraft.client.renderer.texture.TextureMap.loadTextureAtlas(TextureMap.java:126) [TextureMap.class:?]
	at net.minecraft.client.renderer.texture.TextureMap.loadTexture(TextureMap.java:91) [TextureMap.class:?]
	at net.minecraft.client.renderer.texture.TextureManager.loadTexture(TextureManager.java:89) [TextureManager.class:?]
	at net.minecraft.client.renderer.texture.TextureManager.onResourceManagerReload(TextureManager.java:170) [TextureManager.class:?]
	at net.minecraft.client.resources.SimpleReloadableResourceManager.notifyReloadListeners(SimpleReloadableResourceManager.java:134) [SimpleReloadableResourceManager.class:?]
	at net.minecraft.client.resources.SimpleReloadableResourceManager.reloadResources(SimpleReloadableResourceManager.java:118) [SimpleReloadableResourceManager.class:?]
	at net.minecraft.client.Minecraft.refreshResources(Minecraft.java:643) [Minecraft.class:?]
	at cpw.mods.fml.client.FMLClientHandler.finishMinecraftLoading(FMLClientHandler.java:303) [FMLClientHandler.class:?]
	at net.minecraft.client.Minecraft.startGame(Minecraft.java:586) [Minecraft.class:?]
	at net.minecraft.client.Minecraft.run(Minecraft.java:931) [Minecraft.class:?]
	at net.minecraft.client.main.Main.main(Main.java:164) [Main.class:?]
	at sun.reflect.NativeMethodAccessorImpl.invoke0(Native Method) ~[?:1.7.0_60]
	at sun.reflect.NativeMethodAccessorImpl.invoke(NativeMethodAccessorImpl.java:57) ~[?:1.7.0_60]
	at sun.reflect.DelegatingMethodAccessorImpl.invoke(DelegatingMethodAccessorImpl.java:43) ~[?:1.7.0_60]
	at java.lang.reflect.Method.invoke(Method.java:606) ~[?:1.7.0_60]
	at net.minecraft.launchwrapper.Launch.launch(Launch.java:135) [launchwrapper-1.11.jar:?]
	at net.minecraft.launchwrapper.Launch.main(Launch.java:28) [launchwrapper-1.11.jar:?]
	at net.minecraftforge.gradle.GradleStartCommon.launch(GradleStartCommon.java:78) [start/:?]
	at GradleStart.main(GradleStart.java:45) [start/:?]
	at sun.reflect.NativeMethodAccessorImpl.invoke0(Native Method) ~[?:1.7.0_60]
	at sun.reflect.NativeMethodAccessorImpl.invoke(NativeMethodAccessorImpl.java:57) ~[?:1.7.0_60]
	at sun.reflect.DelegatingMethodAccessorImpl.invoke(DelegatingMethodAccessorImpl.java:43) ~[?:1.7.0_60]
	at java.lang.reflect.Method.invoke(Method.java:606) ~[?:1.7.0_60]
	at com.intellij.rt.execution.application.AppMain.main(AppMain.java:134) [idea_rt.jar:?]
[21:50:09] [Client thread/INFO]: Created: 256x256 textures/items-atlas
[21:50:10] [Client thread/INFO]: Created: 512x256 textures/blocks-atlas
[21:50:11] [Sound Library Loader/INFO]: Sound engine started
[21:50:38] [Server thread/INFO]: Starting integrated minecraft server version 1.7.10
[21:50:38] [Server thread/INFO]: Generating keypair
[21:50:41] [Server thread/INFO]: Preparing start region for level 0
[21:50:42] [Server thread/INFO]: Preparing spawn area: 0%
[21:50:43] [Server thread/INFO]: Preparing spawn area: 33%
[21:50:45] [Server thread/INFO]: Changing view distance to 8, from 10
[21:50:48] [Server thread/WARN]: Can't keep up! Did the system time change, or is the server overloaded? Running 2607ms behind, skipping 52 tick(s)
[21:50:48] [Server thread/INFO]: Player937[local:E:868063c7] logged in with entity id 176 at (-859.5, 4.0, -432.5)
[21:50:49] [Server thread/INFO]: Player937 joined the game
[21:51:08] [Client thread/INFO]: [CHAT] Version 1.0.4.29 of CodeChickenCore is available
[21:51:08] [Client thread/INFO]: [CHAT] Version 1.0.3.74 of NotEnoughItems is available
[21:51:11] [Server thread/INFO]: Player937 has just earned the achievement [Taking Inventory]
[21:51:12] [Client thread/INFO]: [CHAT] Player937 has just earned the achievement [Taking Inventory]
[21:51:41] [Server thread/INFO]: [Player937: Given [item.null.name] * 64 to Player937]
[21:51:41] [Client thread/INFO]: [CHAT] Given [item.null.name] * 64 to Player937
[21:51:41] [Server thread/INFO]: [Player937: Given [item.null.name] * 64 to Player937]
[21:51:41] [Client thread/INFO]: [CHAT] Given [item.null.name] * 64 to Player937
[21:51:41] [Server thread/INFO]: [Player937: Given [item.null.name] * 64 to Player937]
[21:51:41] [Client thread/INFO]: [CHAT] Given [item.null.name] * 64 to Player937
[21:51:42] [Server thread/INFO]: [Player937: Given [item.null.name] * 64 to Player937]
[21:51:42] [Client thread/INFO]: [CHAT] Given [item.null.name] * 64 to Player937
[21:51:42] [Server thread/INFO]: [Player937: Given [item.null.name] * 64 to Player937]
[21:51:42] [Client thread/INFO]: [CHAT] Given [item.null.name] * 64 to Player937
[21:51:42] [Server thread/INFO]: [Player937: Given [item.null.name] * 64 to Player937]
[21:51:42] [Client thread/INFO]: [CHAT] Given [item.null.name] * 64 to Player937
[21:51:42] [Server thread/INFO]: [Player937: Given [item.null.name] * 64 to Player937]
[21:51:42] [Client thread/INFO]: [CHAT] Given [item.null.name] * 64 to Player937
[21:51:42] [Server thread/INFO]: [Player937: Given [item.null.name] * 64 to Player937]
[21:51:42] [Client thread/INFO]: [CHAT] Given [item.null.name] * 64 to Player937
[21:51:42] [Server thread/INFO]: [Player937: Given [item.null.name] * 64 to Player937]
[21:51:43] [Client thread/INFO]: [CHAT] Given [item.null.name] * 64 to Player937
[21:51:43] [Server thread/INFO]: [Player937: Given [item.null.name] * 64 to Player937]
[21:51:43] [Client thread/INFO]: [CHAT] Given [item.null.name] * 64 to Player937
[21:51:43] [Server thread/INFO]: [Player937: Given [item.null.name] * 64 to Player937]
[21:51:43] [Client thread/INFO]: [CHAT] Given [item.null.name] * 64 to Player937
[21:51:43] [Server thread/INFO]: [Player937: Given [item.null.name] * 64 to Player937]
[21:51:43] [Client thread/INFO]: [CHAT] Given [item.null.name] * 64 to Player937
[21:51:43] [Server thread/INFO]: [Player937: Given [item.null.name] * 64 to Player937]
[21:51:43] [Client thread/INFO]: [CHAT] Given [item.null.name] * 64 to Player937
[21:51:43] [Server thread/INFO]: [Player937: Given [item.null.name] * 64 to Player937]
[21:51:43] [Client thread/INFO]: [CHAT] Given [item.null.name] * 64 to Player937
[21:51:44] [Server thread/INFO]: [Player937: Given [item.null.name] * 64 to Player937]
[21:51:44] [Client thread/INFO]: [CHAT] Given [item.null.name] * 64 to Player937
[21:51:44] [Server thread/INFO]: [Player937: Given [item.null.name] * 64 to Player937]
[21:51:44] [Client thread/INFO]: [CHAT] Given [item.null.name] * 64 to Player937
[21:51:44] [Server thread/INFO]: [Player937: Given [item.null.name] * 64 to Player937]
[21:51:44] [Client thread/INFO]: [CHAT] Given [item.null.name] * 64 to Player937
[21:51:44] [Server thread/INFO]: [Player937: Given [item.null.name] * 64 to Player937]
[21:51:44] [Client thread/INFO]: [CHAT] Given [item.null.name] * 64 to Player937
[21:51:44] [Server thread/INFO]: [Player937: Given [item.null.name] * 64 to Player937]
[21:51:45] [Client thread/INFO]: [CHAT] Given [item.null.name] * 64 to Player937
[21:51:45] [Server thread/INFO]: [Player937: Given [item.null.name] * 64 to Player937]
[21:51:45] [Server thread/INFO]: [Player937: Given [item.null.name] * 64 to Player937]
[21:51:45] [Client thread/INFO]: [CHAT] Given [item.null.name] * 64 to Player937
[21:51:45] [Client thread/INFO]: [CHAT] Given [item.null.name] * 64 to Player937
[21:51:45] [Server thread/INFO]: [Player937: Given [item.null.name] * 64 to Player937]
[21:51:45] [Client thread/INFO]: [CHAT] Given [item.null.name] * 64 to Player937
[21:51:45] [Server thread/INFO]: [Player937: Given [item.null.name] * 64 to Player937]
[21:51:45] [Client thread/INFO]: [CHAT] Given [item.null.name] * 64 to Player937
[21:51:45] [Server thread/INFO]: [Player937: Given [item.null.name] * 64 to Player937]
[21:51:45] [Client thread/INFO]: [CHAT] Given [item.null.name] * 64 to Player937
[21:51:45] [Server thread/INFO]: [Player937: Given [item.null.name] * 64 to Player937]
[21:51:45] [Client thread/INFO]: [CHAT] Given [item.null.name] * 64 to Player937
[21:51:46] [Server thread/INFO]: [Player937: Given [item.null.name] * 64 to Player937]
[21:51:46] [Client thread/INFO]: [CHAT] Given [item.null.name] * 64 to Player937
[21:51:46] [Server thread/INFO]: [Player937: Given [item.null.name] * 64 to Player937]
[21:51:46] [Client thread/INFO]: [CHAT] Given [item.null.name] * 64 to Player937
[21:51:46] [Server thread/INFO]: [Player937: Given [item.null.name] * 64 to Player937]
[21:51:46] [Client thread/INFO]: [CHAT] Given [item.null.name] * 64 to Player937
[21:51:46] [Server thread/INFO]: [Player937: Given [item.null.name] * 64 to Player937]
[21:51:46] [Client thread/INFO]: [CHAT] Given [item.null.name] * 64 to Player937
[21:51:46] [Server thread/INFO]: [Player937: Given [item.null.name] * 64 to Player937]
[21:51:46] [Client thread/INFO]: [CHAT] Given [item.null.name] * 64 to Player937
[21:51:46] [Server thread/INFO]: [Player937: Given [item.null.name] * 64 to Player937]
[21:51:46] [Client thread/INFO]: [CHAT] Given [item.null.name] * 64 to Player937
[21:51:47] [Server thread/INFO]: [Player937: Given [item.null.name] * 64 to Player937]
[21:51:47] [Client thread/INFO]: [CHAT] Given [item.null.name] * 64 to Player937
[21:51:47] [Server thread/INFO]: [Player937: Given [item.null.name] * 64 to Player937]
[21:51:47] [Client thread/INFO]: [CHAT] Given [item.null.name] * 64 to Player937
[21:51:47] [Server thread/INFO]: [Player937: Given [item.null.name] * 64 to Player937]
[21:51:47] [Client thread/INFO]: [CHAT] Given [item.null.name] * 64 to Player937
[21:51:47] [Server thread/INFO]: [Player937: Given [item.null.name] * 64 to Player937]
[21:51:47] [Client thread/INFO]: [CHAT] Given [item.null.name] * 64 to Player937
[21:51:47] [Server thread/INFO]: [Player937: Given [item.null.name] * 64 to Player937]
[21:51:47] [Client thread/INFO]: [CHAT] Given [item.null.name] * 64 to Player937
[21:53:04] [Server thread/WARN]: Can't keep up! Did the system time change, or is the server overloaded? Running 2732ms behind, skipping 54 tick(s)
[21:53:21] [Server thread/WARN]: Can't keep up! Did the system time change, or is the server overloaded? Running 2679ms behind, skipping 53 tick(s)
[21:53:32] [Client thread/INFO]: Stopping!
[21:53:32] [Server thread/INFO]: Stopping server
[21:53:32] [Server thread/INFO]: Saving players
[21:53:32] [Server thread/INFO]: Saving worlds
[21:53:32] [Server thread/INFO]: Saving chunks for level 'Test'/Overworld
[21:53:32] [Server thread/INFO]: Saving chunks for level 'Test'/Nether
[21:53:33] [Client Shutdown Thread/INFO]: Stopping server
[21:53:33] [Client Shutdown Thread/INFO]: Saving players
